<?xml version="1.0" encoding="UTF-8"?>
<testsuite name="CalculadoraTest" tests="1" skipped="0" failures="0" errors="0" timestamp="2022-03-09T18:11:13" hostname="DESKTOP-UEQDG24" time="0.048">
  <properties/>
  <testcase name="somaTest()" classname="CalculadoraTest" time="0.048"/>
  <system-out><![CDATA[]]></system-out>
  <system-err><![CDATA[]]></system-err>
</testsuite>
